<?xml version="1.0" encoding="UTF-8"?>
<testsuite xmlns:xsi="http://www.w3.org/2001/XMLSchema-instance" xsi:noNamespaceSchemaLocation="https://maven.apache.org/surefire/maven-surefire-plugin/xsd/surefire-test-report-3.0.xsd" version="3.0" name="com.arthurgrig.vendingMachine.VendingMachineTest" time="0.027" tests="4" errors="0" skipped="0" failures="0">
  <properties>
[...]
</properties>
  <testcase name="Run machine  select #product, insert #paid (Object,Object,Object,Object)" classname="com.arthurgrig.vendingMachine.VendingMachineTest" time="0.015"/>
  <testcase name="Run machine  select #product, insert #paid (Object,Object,Object,Object)" classname="com.arthurgrig.vendingMachine.VendingMachineTest" time="0.002"/>
  <testcase name="Run machine  select #product, insert #paid (Object,Object,Object,Object)" classname="com.arthurgrig.vendingMachine.VendingMachineTest" time="0.001"/>
  <testcase name="Run machine  select #product, insert #paid (Object,Object,Object,Object)" classname="com.arthurgrig.vendingMachine.VendingMachineTest" time="0.001"/>
</testsuite>